10/02/2025 - DAY 9 - Build Portfolio Website </br>
11/02/2025 - DAY 10 - Modern Portfolio Website </br>
12/02/2025 - DAY 11 - MODERN BANK APP ( tailwindcss ) </br>
13/02/2025 - DAY 12 - Learned Grid - </br>
14/02/2025 - DAY 13 - Focus Futher Plan , implemented responsive </br>

15/02/2025 - DAY 14 - OFF 
16/02/2025 - DAY 15 - OFF 

17/02/2025 - DAY 16 - JS Basics 
18/02/2025 - DAY 16 - JS Basics 2
19/02/2025 - DAY 17 - JS Basics Revision
20/02/2025 - DAY 18 - JS functions
21/02/2025 - DAY 19 - JS Intermdiate
22/02/2025 - DAY 20 - RESPONSIVE PROJECT

23/02/2025 - DAY 21 - SUNDAY

24/02/2025 - DAY 22 - 
25/02/2025 - DAY 23 -
26/02/2025 - DAY 24 - HOLIDAY
27/02/2025 - DAY 25 -
28/02/2025 - DAY 26 - JS Questions
01/03/2025 - DAY 27 - DOUBT QA

02/03/2025 - DAY 28 - SUNDAY

03/03/2025 - DAY 29 - JS ADVANCE TOPICS - 
03/03/2025 - DAY 30 - JS Advance Topics Questions 
04/03/2025 -
